
SQL*Loader: Release 18.0.0.0.0 - Production on Sun Mar 22 22:23:32 2020
Version 18.4.0.0.0

Copyright (c) 1982, 2019, Oracle and/or its affiliates.  All rights reserved.

Control File:   c:\users\wrm\desktop\[BD1]PRACTICA2_200915518\loader.ctl
Data File:      c:\users\wrm\desktop\[BD1]PRACTICA2_200915518\virus.csv
  Bad File:     c:\users\wrm\desktop\[BD1]PRACTICA2_200915518\virus.bad
  Discard File:  none specified
 
 (Allow all discards)

Number to load: ALL
Number to skip: 0
Errors allowed: 50
Bind array:     250 rows, maximum of 1048576 bytes
Continuation:    none specified
Path used:      Conventional

Table TMP, loaded from every logical record.
Insert option in effect for this table: INSERT
TRAILING NULLCOLS option in effect

   Column Name                  Position   Len  Term Encl Datatype
------------------------------ ---------- ----- ---- ---- ---------------------
NOMBRE_VICTIMA                      FIRST     *   ;  O(") CHARACTER            
APELLIDO_VICTIMA                     NEXT     *   ;  O(") CHARACTER            
DIRECCION_VICTIMA                    NEXT     *   ;  O(") CHARACTER            
FECHA_PRIMERA_SOSPECHA               NEXT     *   ;  O(") CHARACTER            
FECHA_CONFIRMACION                   NEXT     *   ;  O(") CHARACTER            
FECHA_MUERTE                         NEXT     *   ;  O(") CHARACTER            
ESTADO_VICTIMA                       NEXT     *   ;  O(") CHARACTER            
NOMBRE_ASOCIADO                      NEXT     *   ;  O(") CHARACTER            
APELLIDO_ASOCIADO                    NEXT     *   ;  O(") CHARACTER            
FECHA_CONOCIO                        NEXT     *   ;  O(") CHARACTER            
CONTACTO_FISICO                      NEXT     *   ;  O(") CHARACTER            
FECHA_INICIO_CONTACTO                NEXT     *   ;  O(") CHARACTER            
FECHA_FIN_CONTACTO                   NEXT     *   ;  O(") CHARACTER            
NOMBRE_HOSPITAL                      NEXT     *   ;  O(") CHARACTER            
DIRECCION_HOSPITAL                   NEXT     *   ;  O(") CHARACTER            
UBICACION_VICTIMA                    NEXT     *   ;  O(") CHARACTER            
FECHA_LLEGADA                        NEXT     *   ;  O(") CHARACTER            
FECHA_RETIRO                         NEXT     *   ;  O(") CHARACTER            
TRATAMIENTO                          NEXT     *   ;  O(") CHARACTER            
EFECTIVIDAD                          NEXT     *   ;  O(") CHARACTER            
FECHA_INICIO_TRATAMIENTO             NEXT     *   ;  O(") CHARACTER            
FECHA_FIN_TRATAMIENTO                NEXT     *   ;  O(") CHARACTER            
EFECTIVIDAD_EN_VICTIMA               NEXT     *   ;  O(") CHARACTER            

value used for ROWS parameter changed from 250 to 176
Record 1: Rejected - Error on table TMP, column EFECTIVIDAD.
ORA-01722: invalid number


Table TMP:
  14032 Rows successfully loaded.
  1 Row not loaded due to data errors.
  0 Rows not loaded because all WHEN clauses were failed.
  0 Rows not loaded because all fields were null.


Space allocated for bind array:                1044384 bytes(176 rows)
Read   buffer bytes: 1048576

Total logical records skipped:          0
Total logical records read:         14033
Total logical records rejected:         1
Total logical records discarded:        0

Run began on Sun Mar 22 22:23:32 2020
Run ended on Sun Mar 22 22:23:37 2020

Elapsed time was:     00:00:05.37
CPU time was:         00:00:00.63
